2024-04-22T04:11:56.430Z   +113ms [debug] Config loaded {"version":"2.41.4","cdkVersion":"2.132.1","constructsVersion":"10.3.0","config":{"name":"my-sst-app","region":"us-east-1","stage":"dev","ssmPrefix":"/sst/my-sst-app/dev/"},"metafile":{"inputs":{"sst.config.ts":{"bytes":213,"imports":[{"path":"sst","kind":"import-statement","external":true},{"path":"./stacks/Default","kind":"import-statement","external":true}],"format":"esm"}},"outputs":{".sst.config.1713759116330.mjs":{"imports":[],"exports":["default"],"entryPoint":"sst.config.ts","inputs":{"sst.config.ts":{"bytesInOutput":125}},"bytes":307}}},"paths":{"config":"/home/jack/Documents/Projects/housemate/sst.config.ts","root":"/home/jack/Documents/Projects/housemate","out":"/home/jack/Documents/Projects/housemate/.sst","artifacts":"/home/jack/Documents/Projects/housemate/.sst/artifacts"}}
2024-04-22T04:11:57.400Z   +970ms [debug] dev is ready
2024-04-22T04:11:57.410Z    +10ms [debug] Using AWS profile 
2024-04-22T04:11:57.413Z     +3ms [debug] Created AWS client IoTClient
2024-04-22T04:11:57.413Z     +0ms [debug] Getting IoT endpoint
2024-04-22T04:11:57.427Z    +14ms [debug] Fetching all metadata
2024-04-22T04:11:57.427Z     +0ms [debug] Initializing bootstrap context
2024-04-22T04:11:57.429Z     +2ms [debug] Created AWS client CloudFormationClient
2024-04-22T04:11:57.474Z    +45ms [debug] Created AWS client RDSDataClient
2024-04-22T04:11:57.839Z   +365ms [debug] [kysely-codegen] Loaded kyseley type generator
2024-04-22T04:11:58.347Z   +508ms [debug] Synthesizing stacks...
2024-04-22T04:11:58.356Z     +9ms [debug] Created AWS client STSClient
2024-04-22T04:11:59.140Z   +784ms [debug] Using IoT endpoint: a1a14aious3odq-ats.iot.us-east-1.amazonaws.com
2024-04-22T04:11:59.416Z   +276ms [debug] Loaded bootstrap status
2024-04-22T04:11:59.416Z     +0ms [debug] Bootstrap context initialized {"status":"ready","version":"7.3","bucket":"sstbootstrap-useast124d14e4b-odjzoe8234td"}
2024-04-22T04:11:59.419Z     +3ms [debug] Created AWS client S3Client
2024-04-22T04:11:59.462Z    +43ms [debug] Publishing event {"type":"cli.dev","properties":{"stage":"dev","app":"my-sst-app"},"sourceID":"e9bbb5f8e42fd079bb1c0595aba5a4a3"}
2024-04-22T04:11:59.462Z     +0ms [debug] Encoded iot message into 1 parts
2024-04-22T04:11:59.647Z   +185ms [debug] Using identity Account: 908679486416 User: AIDA5HEMETPIJT6TYV2YL
2024-04-22T04:11:59.652Z     +5ms [debug] Generating types in /home/jack/Documents/Projects/housemate/.sst/types
2024-04-22T04:12:00.057Z   +405ms [debug] Running 1 deferred tasks with concurrency: 11
2024-04-22T04:12:00.199Z   +142ms [debug] 
2024-04-22T04:12:00.199Z     +0ms [debug] Loading v2 AWS SDK
2024-04-22T04:12:00.199Z     +0ms [debug] Finished synthesizing
2024-04-22T04:12:00.199Z     +0ms [debug] Directory /home/jack/Documents/Projects/housemate/.sst/dist
2024-04-22T04:12:00.201Z     +2ms [debug] Checksum next fd5edb1e5feace54e099f6b8212a5a29430fb138641e86ef97b60a25aad7382e old 
2024-04-22T04:12:00.201Z     +0ms [debug] Fetching app metadata
2024-04-22T04:12:01.197Z   +996ms [debug] IoT connected
2024-04-22T04:12:01.224Z    +27ms [debug] Deploying stacks ["dev-my-sst-app-Default"]
2024-04-22T04:12:01.228Z     +4ms [debug] Checking if dev-my-sst-app-Default is ready to deploy
2024-04-22T04:12:01.228Z     +0ms [debug] Deploying stack dev-my-sst-app-Default
2024-04-22T04:12:01.483Z   +255ms [debug] Fetched metadata from 1 stacks
2024-04-22T04:12:01.758Z   +275ms [debug] Publishing event {"type":"stack.status","properties":{"stackID":"dev-my-sst-app-Default","status":"PUBLISH_ASSETS_IN_PROGRESS"},"sourceID":"e9bbb5f8e42fd079bb1c0595aba5a4a3"}
2024-04-22T04:12:02.053Z   +295ms [debug] IOT Published /sst/my-sst-app/dev/events cli.dev
2024-04-22T04:12:08.570Z  +6517ms [debug] Publishing event {"type":"stack.status","properties":{"stackID":"dev-my-sst-app-Default","status":"SKIPPED"},"sourceID":"e9bbb5f8e42fd079bb1c0595aba5a4a3"}
2024-04-22T04:12:08.572Z     +2ms [debug] Saving app metadata
